2012-08-22 16:52:35,564,564 DEBUG [orbited.cometsession.TCPConnectionResource] new transport: <orbited.transports.xhrstream.XHRStreamingTransport instance at 0xa51f06c>
2012-08-22 16:52:35,565,565 DEBUG [orbited.cometsession.TCPConnectionResource] _send data=<orbited.cometsession.TCPOption object at 0xa519fac> packetId=1
2012-08-22 16:52:35,565,565 DEBUG [orbited.cometsession.TCPConnectionResource] _send data=<orbited.cometsession.TCPOption object at 0xa519fcc> packetId=2
2012-08-22 16:52:35,573,573 DEBUG [orbited.cometsession.TCPConnectionResource] render: request=<POST /tcp/ed4493f9f0bc464ca6b27e96f84a7388?nocache=0.651459801086306&ack=2 HTTP/1.1>
2012-08-22 16:52:35,573,573 DEBUG [orbited.cometsession.TCPConnectionResource] render: request.content='11,114,data020,bG9jYWxob3N0Ojc3NzcK'
2012-08-22 16:52:35,573,573 DEBUG [orbited.cometsession.TCPConnectionResource] ack ackId=2
2012-08-22 16:52:35,573,573 DEBUG [orbited.cometsession.TCPConnectionResource] before ack unackQueue=[(<orbited.cometsession.TCPOption object at 0xa519fac>, 1), (<orbited.cometsession.TCPOption object at 0xa519fcc>, 2)]
2012-08-22 16:52:35,573,573 DEBUG [orbited.cometsession.TCPConnectionResource] after ack unackQueue=[]
2012-08-22 16:52:35,573,573 DEBUG [orbited.cometsession.TCPConnectionResource] RECV: 11,114,data020,bG9jYWxob3N0Ojc3NzcK
2012-08-22 16:52:35,573,573 DEBUG [orbited.cometsession.TCPConnectionResource] ['11,114,data020,bG9jYWxob3N0Ojc3NzcK', [], []]
2012-08-22 16:52:35,573,573 DEBUG [orbited.cometsession.TCPConnectionResource] ['14,data020,bG9jYWxob3N0Ojc3NzcK', [], ['1']]
2012-08-22 16:52:35,573,573 DEBUG [orbited.cometsession.TCPConnectionResource] ['020,bG9jYWxob3N0Ojc3NzcK', [], ['1', 'data']]
2012-08-22 16:52:35,574,574 DEBUG [orbited.cometsession.TCPConnectionResource] parseData: frame=['1', 'data', 'bG9jYWxob3N0Ojc3NzcK']
2012-08-22 16:52:35,576,576 DEBUG [orbited.cometsession.TCPConnectionResource] _send data='1' packetId=3
2012-08-22 16:52:35,631,631 DEBUG [orbited.cometsession.TCPConnectionResource] _send data='ph 07.6 16:52:35_22/08/12\r\ntemp 31.5 16:52:35_22/08/12\r\no2 04.7 16:52:35_22/08/12\r\nSCADA dnz 16:52:35_22/08/12\r\n' packetId=4
2012-08-22 16:52:40,331,331 DEBUG [orbited.cometsession.TCPConnectionResource] _send data='o2 04.6 16:52:40_22/08/12\r\n' packetId=5
2012-08-22 16:52:41,050,050 DEBUG [orbited.cometsession.TCPConnectionResource] _send data='o2 04.7 16:52:40_22/08/12\r\n' packetId=6
2012-08-22 16:52:41,327,327 DEBUG [orbited.cometsession.TCPConnectionResource] _send data='o2 04.6 16:52:41_22/08/12\r\n' packetId=7
2012-08-22 16:52:42,300,300 DEBUG [orbited.cometsession.TCPConnectionResource] _send data='ph 07.5 16:52:42_22/08/12\r\n' packetId=8
2012-08-22 16:52:45,335,335 DEBUG [orbited.cometsession.TCPConnectionResource] _send data='o2 04.5 16:52:45_22/08/12\r\n' packetId=9
2012-08-22 16:52:55,212,212 DEBUG [orbited.cometsession.TCPConnectionResource] close reason=loseConnection <orbited.cometsession.TCPConnectionResource instance at 0xa519f2c>
2012-08-22 16:52:55,213,213 DEBUG [orbited.cometsession.TCPConnectionResource] connectionLost... already triggered? False
2012-08-22 16:52:55,213,213 DEBUG [orbited.cometsession.TCPConnectionResource] do trigger
